====== Script started at 2024-01-18 - 10.30.30 ======
2024-01-18 - 10.30.31 - Input CSV file detected: /Users/eddycolloton/Documents/hmsg_directories/artwork_folders/Last, First/time-based media/1999.001_Untitled/Technical Info_Specs/Last_1999.001_2024-01-17-17.07.46.csv
2024-01-18 - 10.30.31 - Reading variables from input csv: /Users/eddycolloton/Documents/hmsg_directories/artwork_folders/Last, First/time-based media/1999.001_Untitled/Technical Info_Specs/Last_1999.001_2024-01-17-17.07.46.csv
2024-01-18 - 10.30.31 - Successfully read variables from /Users/eddycolloton/Documents/hmsg_directories/artwork_folders/Last, First/time-based media/1999.001_Untitled/Technical Info_Specs/Last_1999.001_2024-01-17-17.07.46.csv
2024-01-18 - 10.30.31 - Artist name found in CSV: First Last
2024-01-18 - 10.30.31 - The artwork file path from CSV: /Users/eddycolloton/Documents/hmsg_directories/artwork_folders/Last, First
2024-01-18 - 10.30.31 - The accession number from CSV: 1999.001
2024-01-18 - 10.30.31 - The path to the volume from CSV: /Users/eddycolloton/git/HMSG_auto/version2/sample_files/
2024-01-18 - 10.30.31 - Path to the staging directory from CSV: /Users/eddycolloton/Documents/hmsg_directories/tbma_drobo/1999-001_Last
2024-01-18 - 10.30.31 - Technical Info and Specs: /Users/eddycolloton/Documents/hmsg_directories/artwork_folders/Last, First/time-based media/1999.001_Untitled/Technical Info_Specs
2024-01-18 - 10.30.31 - Condition Report: /Users/eddycolloton/Documents/hmsg_directories/artwork_folders/Last, First/time-based media/1999.001_Untitled/Conservation/Condition_Tmt Reports 
Sidecar directory: /Users/eddycolloton/Documents/hmsg_directories/artwork_folders/Last, First/time-based media/1999.001_Untitled/Technical Info_Specs/Sidecars
2024-01-18 - 10.30.31 - start_input.sh complete:
----------------------->The artist name is First Last
----------------------->The title of the work is title
----------------------->The accession number is 1999.001
----------------------->The artwork folder is /Users/eddycolloton/Documents/hmsg_directories/artwork_folders/Last, First
----------------------->The staging directory is /Users/eddycolloton/Documents/hmsg_directories/tbma_drobo/1999-001_Last
----------------------->The volume path is /Users/eddycolloton/git/HMSG_auto/version2/sample_files/
2024-01-18 - 10.30.31 - Declared variables have been written to /Users/eddycolloton/Documents/hmsg_directories/artwork_folders/Last, First/time-based media/1999.001_Untitled/Technical Info_Specs/Last_1999.001_2024-01-18-10.30.31.csv
2024-01-18 - 10.30.31 - Comparing Last_1999.001_2024-01-18-10.30.31.csv with Last_1999.001_2024-01-17-17.07.46.csv
2024-01-18 - 10.30.31 - No differences between new CSV: Last_1999.001_2024-01-18-10.30.31.csv and old CSV: Last_1999.001_2024-01-17-17.07.46.csv. 
Old CSV removed
2024-01-18 - 10.30.31 - Input CSV provided, but no additional output CSV found.
2024-01-18 - 10.31.09 - tree started! tree running on /Users/eddycolloton/git/HMSG_auto/version2/sample_files/
2024-01-18 - 10.31.09 - ===================> tree complete! Total Execution Time: 0 m 0 s
2024-01-18 - 10.31.09 - tree output written to 1999.001_appendix.txt, and saved as sidecar file 1999.001_tree_output.txt.
2024-01-18 - 10.31.09 - sf started! siegfried will be run on /Users/eddycolloton/Documents/hmsg_directories/tbma_drobo/1999-001_Last
2024-01-18 - 10.31.09 - sf run on smpte_bars_prores.mov.qctools.mkv
2024-01-18 - 10.31.09 - sf run on smpte_bars_prores.mov
2024-01-18 - 10.31.09 - ===================> siegfried complete! Total Execution Time: 0 m 0 s
2024-01-18 - 10.31.09 - siegfried output written to 1999.001_appendix.txt and saved as a sidecar file
2024-01-18 - 10.31.09 - MediaInfo started! MediaInfo will be run on audio and video files in /Users/eddycolloton/Documents/hmsg_directories/tbma_drobo/1999-001_Last
2024-01-18 - 10.31.09 - mediainfo run on smpte_bars_prores.mov.qctools.mkv
2024-01-18 - 10.31.09 - mediainfo run on smpte_bars_prores.mov
2024-01-18 - 10.31.09 - ===================> MediaInfo completed! Total Execution Time: 0 m 0 s
2024-01-18 - 10.31.09 - MediaInfo output written to 1999.001_appendix.txt and saved as a sidecar file
2024-01-18 - 10.31.09 - Exiftool started! Exiftool will be run on files in /Users/eddycolloton/Documents/hmsg_directories/tbma_drobo/1999-001_Last
2024-01-18 - 10.31.09 - exiftool run on smpte_bars_prores.mov.qctools.mkv
2024-01-18 - 10.31.09 - exiftool run on smpte_bars_prores.mov
2024-01-18 - 10.31.09 - ===================> Exiftool complete! Total Execution Time: 0 m 0 s
2024-01-18 - 10.31.09 - Exiftool output written to 1999.001_appendix.txt and saved as a sidecar file
2024-01-18 - 10.31.09 - framemd5 started! framemd5 will be run on video files in /Users/eddycolloton/Documents/hmsg_directories/tbma_drobo/1999-001_Last
2024-01-18 - 10.31.09 - framemd5 running on smpte_bars_prores.mov.qctools.mkv
2024-01-18 - 10.31.10 - framemd5 running on smpte_bars_prores.mov
2024-01-18 - 10.31.10 - ===================> framemd5 complete! Total Execution Time: 0 m 1 s
2024-01-18 - 10.31.10 - framemd5 output copied to 1999-001_Last
2024-01-18 - 10.31.10 - QCTools started! QCTools run on video files in /Users/eddycolloton/Documents/hmsg_directories/tbma_drobo/1999-001_Last
2024-01-18 - 10.31.10 - qctools run on smpte_bars_prores.mov.qctools.mkv
2024-01-18 - 10.31.10 - qctools run on smpte_bars_prores.mov
2024-01-18 - 10.31.10 - ===================> QCTools complete! Total Execution Time: 0 m 0 s
2024-01-18 - 10.31.10 - QCTools output copied to 1999-001_Last
2024-01-18 - 10.31.10 - Moved pre-existing log files to old_logs directory
